<?xml version="1.0" encoding="UTF-8"?>
<!-- Generated by org.testng.reporters.JUnitReportReporter -->
<testsuite hostname="admin-PC" failures="0" tests="1" name="parallel_excuition.ParallelExecutionClass" time="47.145" errors="0" timestamp="2022-09-20T20:08:50 IST" skipped="0">
  <testcase classname="parallel_excuition.ParallelExecutionClass" name="verifyFireFox" time="47.145"/>
  <system-out/>
</testsuite> <!-- parallel_excuition.ParallelExecutionClass -->
