<?xml version="1.0" encoding="UTF-8"?>
<!-- Generated by org.testng.reporters.JUnitReportReporter -->
<testsuite hostname="admin-PC" failures="0" tests="2" name="FirstTestNgProject.First_Ng_Project" time="79.239" errors="0" timestamp="2022-09-15T12:00:57 IST" skipped="0">
  <testcase classname="FirstTestNgProject.First_Ng_Project" name="tc02_ToVerifyOfApplication" time="22.796"/>
  <system-out/>
  <testcase classname="FirstTestNgProject.First_Ng_Project" name="m1" time="56.443"/>
  <system-out/>
</testsuite> <!-- FirstTestNgProject.First_Ng_Project -->
