<?xml version="1.0" encoding="UTF-8"?>
<!-- Generated by org.testng.reporters.JUnitReportReporter -->
<testsuite hostname="admin-PC" failures="0" tests="1" name="FirstTestNgProject.screenShotUsing_Ashot" time="25.499" errors="0" timestamp="2022-09-20T19:42:35 IST" skipped="0">
  <testcase classname="FirstTestNgProject.screenShotUsing_Ashot" name="screenShotUsing_AshotExample" time="25.499"/>
  <system-out/>
</testsuite> <!-- FirstTestNgProject.screenShotUsing_Ashot -->
