<?xml version="1.0" encoding="UTF-8"?>
<!-- Generated by org.testng.reporters.JUnitReportReporter -->
<testsuite hostname="admin-PC" failures="0" tests="2" name="FirstTestNgProject.Testing_TestNg" time="12.453" errors="0" timestamp="2022-09-16T23:04:47 IST" skipped="0">
  <testcase classname="FirstTestNgProject.Testing_TestNg" name="toverifyTitle" time="0.691"/>
  <system-out/>
  <testcase classname="FirstTestNgProject.Testing_TestNg" name="AssignmentMethod" time="11.762"/>
  <system-out/>
</testsuite> <!-- FirstTestNgProject.Testing_TestNg -->
