<?xml version="1.0" encoding="UTF-8"?>
<!-- Generated by org.testng.reporters.JUnitReportReporter -->
<testsuite hostname="admin-PC" failures="0" tests="1" name="FirstTestNgProject.screenshotusing_Selenium" time="16.488" errors="0" timestamp="2022-09-20T19:29:58 IST" skipped="0">
  <testcase classname="FirstTestNgProject.screenshotusing_Selenium" name="screenshotusing_Selenium_Example" time="16.488"/>
  <system-out/>
</testsuite> <!-- FirstTestNgProject.screenshotusing_Selenium -->
