<?xml version="1.0" encoding="UTF-8"?>
<!-- Generated by org.testng.reporters.JUnitReportReporter -->
<testsuite hostname="admin-PC" failures="0" tests="1" name="FirstTestNgProject.ScreenShotUsingRobot" time="31.868" errors="0" timestamp="2022-09-20T19:18:25 IST" skipped="0">
  <testcase classname="FirstTestNgProject.ScreenShotUsingRobot" name="screenshotusingRobot" time="31.868"/>
  <system-out/>
</testsuite> <!-- FirstTestNgProject.ScreenShotUsingRobot -->
