<?xml version="1.0" encoding="UTF-8"?>
<!-- Generated by org.testng.reporters.JUnitReportReporter -->
<testsuite hostname="admin-PC" failures="0" tests="1" name="FirstTestNgProject.WindowHandle" time="25.890" errors="0" timestamp="2022-09-19T22:43:15 IST" skipped="0">
  <testcase classname="FirstTestNgProject.WindowHandle" name="windowhandler" time="25.890"/>
  <system-out/>
</testsuite> <!-- FirstTestNgProject.WindowHandle -->
